Determining if the pthread_create exist failed with the following output:
Change Dir: /home/arunava/ws_moveit/build/ur5_e_moveit_config/CMakeFiles/CMakeTmp

Run Build Command:"/usr/bin/make" "cmTC_1535f/fast"
/usr/bin/make -f CMakeFiles/cmTC_1535f.dir/build.make CMakeFiles/cmTC_1535f.dir/build
make[1]: Entering directory '/home/arunava/ws_moveit/build/ur5_e_moveit_config/CMakeFiles/CMakeTmp'
Building C object CMakeFiles/cmTC_1535f.dir/CheckSymbolExists.c.o
/usr/bin/cc    -o CMakeFiles/cmTC_1535f.dir/CheckSymbolExists.c.o   -c /home/arunava/ws_moveit/build/ur5_e_moveit_config/CMakeFiles/CMakeTmp/CheckSymbolExists.c
Linking C executable cmTC_1535f
/usr/bin/cmake -E cmake_link_script CMakeFiles/cmTC_1535f.dir/link.txt --verbose=1
/usr/bin/cc      -rdynamic CMakeFiles/cmTC_1535f.dir/CheckSymbolExists.c.o  -o cmTC_1535f 
CMakeFiles/cmTC_1535f.dir/CheckSymbolExists.c.o: In function `main':
CheckSymbolExists.c:(.text+0x1b): undefined reference to `pthread_create'
collect2: error: ld returned 1 exit status
CMakeFiles/cmTC_1535f.dir/build.make:97: recipe for target 'cmTC_1535f' failed
make[1]: *** [cmTC_1535f] Error 1
make[1]: Leaving directory '/home/arunava/ws_moveit/build/ur5_e_moveit_config/CMakeFiles/CMakeTmp'
Makefile:126: recipe for target 'cmTC_1535f/fast' failed
make: *** [cmTC_1535f/fast] Error 2

File /home/arunava/ws_moveit/build/ur5_e_moveit_config/CMakeFiles/CMakeTmp/CheckSymbolExists.c:
/* */
#include <pthread.h>

int main(int argc, char** argv)
{
  (void)argv;
#ifndef pthread_create
  return ((int*)(&pthread_create))[argc];
#else
  (void)argc;
  return 0;
#endif
}

Determining if the function pthread_create exists in the pthreads failed with the following output:
Change Dir: /home/arunava/ws_moveit/build/ur5_e_moveit_config/CMakeFiles/CMakeTmp

Run Build Command:"/usr/bin/make" "cmTC_37fb2/fast"
/usr/bin/make -f CMakeFiles/cmTC_37fb2.dir/build.make CMakeFiles/cmTC_37fb2.dir/build
make[1]: Entering directory '/home/arunava/ws_moveit/build/ur5_e_moveit_config/CMakeFiles/CMakeTmp'
Building C object CMakeFiles/cmTC_37fb2.dir/CheckFunctionExists.c.o
/usr/bin/cc   -DCHECK_FUNCTION_EXISTS=pthread_create   -o CMakeFiles/cmTC_37fb2.dir/CheckFunctionExists.c.o   -c /usr/share/cmake-3.10/Modules/CheckFunctionExists.c
Linking C executable cmTC_37fb2
/usr/bin/cmake -E cmake_link_script CMakeFiles/cmTC_37fb2.dir/link.txt --verbose=1
/usr/bin/cc  -DCHECK_FUNCTION_EXISTS=pthread_create    -rdynamic CMakeFiles/cmTC_37fb2.dir/CheckFunctionExists.c.o  -o cmTC_37fb2 -lpthreads 
/usr/bin/ld: cannot find -lpthreads
collect2: error: ld returned 1 exit status
CMakeFiles/cmTC_37fb2.dir/build.make:97: recipe for target 'cmTC_37fb2' failed
make[1]: *** [cmTC_37fb2] Error 1
make[1]: Leaving directory '/home/arunava/ws_moveit/build/ur5_e_moveit_config/CMakeFiles/CMakeTmp'
Makefile:126: recipe for target 'cmTC_37fb2/fast' failed
make: *** [cmTC_37fb2/fast] Error 2


