Determining if the pthread_create exist failed with the following output:
Change Dir: /home/arunava/ws_moveit/build/ur_driver/CMakeFiles/CMakeTmp

Run Build Command:"/usr/bin/make" "cmTC_788e2/fast"
/usr/bin/make -f CMakeFiles/cmTC_788e2.dir/build.make CMakeFiles/cmTC_788e2.dir/build
make[1]: Entering directory '/home/arunava/ws_moveit/build/ur_driver/CMakeFiles/CMakeTmp'
Building C object CMakeFiles/cmTC_788e2.dir/CheckSymbolExists.c.o
/usr/bin/cc    -o CMakeFiles/cmTC_788e2.dir/CheckSymbolExists.c.o   -c /home/arunava/ws_moveit/build/ur_driver/CMakeFiles/CMakeTmp/CheckSymbolExists.c
Linking C executable cmTC_788e2
/usr/bin/cmake -E cmake_link_script CMakeFiles/cmTC_788e2.dir/link.txt --verbose=1
/usr/bin/cc      -rdynamic CMakeFiles/cmTC_788e2.dir/CheckSymbolExists.c.o  -o cmTC_788e2 
CMakeFiles/cmTC_788e2.dir/CheckSymbolExists.c.o: In function `main':
CheckSymbolExists.c:(.text+0x1b): undefined reference to `pthread_create'
collect2: error: ld returned 1 exit status
CMakeFiles/cmTC_788e2.dir/build.make:97: recipe for target 'cmTC_788e2' failed
make[1]: *** [cmTC_788e2] Error 1
make[1]: Leaving directory '/home/arunava/ws_moveit/build/ur_driver/CMakeFiles/CMakeTmp'
Makefile:126: recipe for target 'cmTC_788e2/fast' failed
make: *** [cmTC_788e2/fast] Error 2

File /home/arunava/ws_moveit/build/ur_driver/CMakeFiles/CMakeTmp/CheckSymbolExists.c:
/* */
#include <pthread.h>

int main(int argc, char** argv)
{
  (void)argv;
#ifndef pthread_create
  return ((int*)(&pthread_create))[argc];
#else
  (void)argc;
  return 0;
#endif
}

Determining if the function pthread_create exists in the pthreads failed with the following output:
Change Dir: /home/arunava/ws_moveit/build/ur_driver/CMakeFiles/CMakeTmp

Run Build Command:"/usr/bin/make" "cmTC_67b89/fast"
/usr/bin/make -f CMakeFiles/cmTC_67b89.dir/build.make CMakeFiles/cmTC_67b89.dir/build
make[1]: Entering directory '/home/arunava/ws_moveit/build/ur_driver/CMakeFiles/CMakeTmp'
Building C object CMakeFiles/cmTC_67b89.dir/CheckFunctionExists.c.o
/usr/bin/cc   -DCHECK_FUNCTION_EXISTS=pthread_create   -o CMakeFiles/cmTC_67b89.dir/CheckFunctionExists.c.o   -c /usr/share/cmake-3.10/Modules/CheckFunctionExists.c
Linking C executable cmTC_67b89
/usr/bin/cmake -E cmake_link_script CMakeFiles/cmTC_67b89.dir/link.txt --verbose=1
/usr/bin/cc  -DCHECK_FUNCTION_EXISTS=pthread_create    -rdynamic CMakeFiles/cmTC_67b89.dir/CheckFunctionExists.c.o  -o cmTC_67b89 -lpthreads 
/usr/bin/ld: cannot find -lpthreads
collect2: error: ld returned 1 exit status
CMakeFiles/cmTC_67b89.dir/build.make:97: recipe for target 'cmTC_67b89' failed
make[1]: *** [cmTC_67b89] Error 1
make[1]: Leaving directory '/home/arunava/ws_moveit/build/ur_driver/CMakeFiles/CMakeTmp'
Makefile:126: recipe for target 'cmTC_67b89/fast' failed
make: *** [cmTC_67b89/fast] Error 2


