Determining if the pthread_create exist failed with the following output:
Change Dir: /home/arunava/ws_moveit/build/ur_e_description/CMakeFiles/CMakeTmp

Run Build Command:"/usr/bin/make" "cmTC_e0de7/fast"
/usr/bin/make -f CMakeFiles/cmTC_e0de7.dir/build.make CMakeFiles/cmTC_e0de7.dir/build
make[1]: Entering directory '/home/arunava/ws_moveit/build/ur_e_description/CMakeFiles/CMakeTmp'
Building C object CMakeFiles/cmTC_e0de7.dir/CheckSymbolExists.c.o
/usr/bin/cc    -o CMakeFiles/cmTC_e0de7.dir/CheckSymbolExists.c.o   -c /home/arunava/ws_moveit/build/ur_e_description/CMakeFiles/CMakeTmp/CheckSymbolExists.c
Linking C executable cmTC_e0de7
/usr/bin/cmake -E cmake_link_script CMakeFiles/cmTC_e0de7.dir/link.txt --verbose=1
/usr/bin/cc      -rdynamic CMakeFiles/cmTC_e0de7.dir/CheckSymbolExists.c.o  -o cmTC_e0de7 
CMakeFiles/cmTC_e0de7.dir/CheckSymbolExists.c.o: In function `main':
CheckSymbolExists.c:(.text+0x1b): undefined reference to `pthread_create'
collect2: error: ld returned 1 exit status
CMakeFiles/cmTC_e0de7.dir/build.make:97: recipe for target 'cmTC_e0de7' failed
make[1]: *** [cmTC_e0de7] Error 1
make[1]: Leaving directory '/home/arunava/ws_moveit/build/ur_e_description/CMakeFiles/CMakeTmp'
Makefile:126: recipe for target 'cmTC_e0de7/fast' failed
make: *** [cmTC_e0de7/fast] Error 2

File /home/arunava/ws_moveit/build/ur_e_description/CMakeFiles/CMakeTmp/CheckSymbolExists.c:
/* */
#include <pthread.h>

int main(int argc, char** argv)
{
  (void)argv;
#ifndef pthread_create
  return ((int*)(&pthread_create))[argc];
#else
  (void)argc;
  return 0;
#endif
}

Determining if the function pthread_create exists in the pthreads failed with the following output:
Change Dir: /home/arunava/ws_moveit/build/ur_e_description/CMakeFiles/CMakeTmp

Run Build Command:"/usr/bin/make" "cmTC_23f40/fast"
/usr/bin/make -f CMakeFiles/cmTC_23f40.dir/build.make CMakeFiles/cmTC_23f40.dir/build
make[1]: Entering directory '/home/arunava/ws_moveit/build/ur_e_description/CMakeFiles/CMakeTmp'
Building C object CMakeFiles/cmTC_23f40.dir/CheckFunctionExists.c.o
/usr/bin/cc   -DCHECK_FUNCTION_EXISTS=pthread_create   -o CMakeFiles/cmTC_23f40.dir/CheckFunctionExists.c.o   -c /usr/share/cmake-3.10/Modules/CheckFunctionExists.c
Linking C executable cmTC_23f40
/usr/bin/cmake -E cmake_link_script CMakeFiles/cmTC_23f40.dir/link.txt --verbose=1
/usr/bin/cc  -DCHECK_FUNCTION_EXISTS=pthread_create    -rdynamic CMakeFiles/cmTC_23f40.dir/CheckFunctionExists.c.o  -o cmTC_23f40 -lpthreads 
/usr/bin/ld: cannot find -lpthreads
collect2: error: ld returned 1 exit status
CMakeFiles/cmTC_23f40.dir/build.make:97: recipe for target 'cmTC_23f40' failed
make[1]: *** [cmTC_23f40] Error 1
make[1]: Leaving directory '/home/arunava/ws_moveit/build/ur_e_description/CMakeFiles/CMakeTmp'
Makefile:126: recipe for target 'cmTC_23f40/fast' failed
make: *** [cmTC_23f40/fast] Error 2


