Determining if the pthread_create exist failed with the following output:
Change Dir: /home/arunava/ws_moveit/build/pkg_moveit_ur5_1/CMakeFiles/CMakeTmp

Run Build Command:"/usr/bin/make" "cmTC_1eede/fast"
/usr/bin/make -f CMakeFiles/cmTC_1eede.dir/build.make CMakeFiles/cmTC_1eede.dir/build
make[1]: Entering directory '/home/arunava/ws_moveit/build/pkg_moveit_ur5_1/CMakeFiles/CMakeTmp'
Building C object CMakeFiles/cmTC_1eede.dir/CheckSymbolExists.c.o
/usr/bin/cc    -o CMakeFiles/cmTC_1eede.dir/CheckSymbolExists.c.o   -c /home/arunava/ws_moveit/build/pkg_moveit_ur5_1/CMakeFiles/CMakeTmp/CheckSymbolExists.c
Linking C executable cmTC_1eede
/usr/bin/cmake -E cmake_link_script CMakeFiles/cmTC_1eede.dir/link.txt --verbose=1
/usr/bin/cc      -rdynamic CMakeFiles/cmTC_1eede.dir/CheckSymbolExists.c.o  -o cmTC_1eede 
CMakeFiles/cmTC_1eede.dir/CheckSymbolExists.c.o: In function `main':
CheckSymbolExists.c:(.text+0x1b): undefined reference to `pthread_create'
collect2: error: ld returned 1 exit status
CMakeFiles/cmTC_1eede.dir/build.make:97: recipe for target 'cmTC_1eede' failed
make[1]: *** [cmTC_1eede] Error 1
make[1]: Leaving directory '/home/arunava/ws_moveit/build/pkg_moveit_ur5_1/CMakeFiles/CMakeTmp'
Makefile:126: recipe for target 'cmTC_1eede/fast' failed
make: *** [cmTC_1eede/fast] Error 2

File /home/arunava/ws_moveit/build/pkg_moveit_ur5_1/CMakeFiles/CMakeTmp/CheckSymbolExists.c:
/* */
#include <pthread.h>

int main(int argc, char** argv)
{
  (void)argv;
#ifndef pthread_create
  return ((int*)(&pthread_create))[argc];
#else
  (void)argc;
  return 0;
#endif
}

Determining if the function pthread_create exists in the pthreads failed with the following output:
Change Dir: /home/arunava/ws_moveit/build/pkg_moveit_ur5_1/CMakeFiles/CMakeTmp

Run Build Command:"/usr/bin/make" "cmTC_5e8ed/fast"
/usr/bin/make -f CMakeFiles/cmTC_5e8ed.dir/build.make CMakeFiles/cmTC_5e8ed.dir/build
make[1]: Entering directory '/home/arunava/ws_moveit/build/pkg_moveit_ur5_1/CMakeFiles/CMakeTmp'
Building C object CMakeFiles/cmTC_5e8ed.dir/CheckFunctionExists.c.o
/usr/bin/cc   -DCHECK_FUNCTION_EXISTS=pthread_create   -o CMakeFiles/cmTC_5e8ed.dir/CheckFunctionExists.c.o   -c /usr/share/cmake-3.10/Modules/CheckFunctionExists.c
Linking C executable cmTC_5e8ed
/usr/bin/cmake -E cmake_link_script CMakeFiles/cmTC_5e8ed.dir/link.txt --verbose=1
/usr/bin/cc  -DCHECK_FUNCTION_EXISTS=pthread_create    -rdynamic CMakeFiles/cmTC_5e8ed.dir/CheckFunctionExists.c.o  -o cmTC_5e8ed -lpthreads 
/usr/bin/ld: cannot find -lpthreads
collect2: error: ld returned 1 exit status
CMakeFiles/cmTC_5e8ed.dir/build.make:97: recipe for target 'cmTC_5e8ed' failed
make[1]: *** [cmTC_5e8ed] Error 1
make[1]: Leaving directory '/home/arunava/ws_moveit/build/pkg_moveit_ur5_1/CMakeFiles/CMakeTmp'
Makefile:126: recipe for target 'cmTC_5e8ed/fast' failed
make: *** [cmTC_5e8ed/fast] Error 2


