[  0%] Built target geometry_msgs_generate_messages_cpp
[  0%] Built target _gazebo_logical_camera_generate_messages_check_deps_Model
[  0%] Built target _gazebo_logical_camera_generate_messages_check_deps_LogicalCameraImage
[  0%] Built target std_msgs_generate_messages_cpp
[  0%] Built target std_msgs_generate_messages_lisp
[  0%] Built target geometry_msgs_generate_messages_lisp
[  0%] Built target std_msgs_generate_messages_nodejs
[  0%] Built target geometry_msgs_generate_messages_nodejs
[  0%] Built target std_msgs_generate_messages_py
[  0%] Built target geometry_msgs_generate_messages_py
[  0%] Built target std_msgs_generate_messages_eus
[  0%] Built target geometry_msgs_generate_messages_eus
[ 14%] Built target gazebo_logical_camera_generate_messages_cpp
[ 28%] Built target gazebo_logical_camera_generate_messages_lisp
[ 42%] Built target gazebo_logical_camera_generate_messages_nodejs
[ 64%] Built target gazebo_logical_camera_generate_messages_py
[ 85%] Built target gazebo_logical_camera_generate_messages_eus
[35m[1mScanning dependencies of target ROSLogicalCameraPlugin[0m
[ 92%] [32mBuilding CXX object CMakeFiles/ROSLogicalCameraPlugin.dir/src/plugins/ROSLogicalCameraPlugin.cc.o[0m
[100%] [32m[1mLinking CXX shared library /home/arunava/ws_moveit/devel/.private/gazebo_logical_camera/lib/libROSLogicalCameraPlugin.so[0m
[100%] Built target ROSLogicalCameraPlugin
[100%] Built target gazebo_logical_camera_generate_messages
