Linked: (/home/arunava/ws_moveit/devel/.private/gazebo_logical_camera/lib/libROSLogicalCameraPlugin.so, /home/arunava/ws_moveit/devel/lib/libROSLogicalCameraPlugin.so)
Linked: (/home/arunava/ws_moveit/devel/.private/gazebo_logical_camera/lib/python2.7/dist-packages/gazebo_logical_camera/__init__.py, /home/arunava/ws_moveit/devel/lib/python2.7/dist-packages/gazebo_logical_camera/__init__.py)
Linked: (/home/arunava/ws_moveit/devel/.private/gazebo_logical_camera/lib/python2.7/dist-packages/gazebo_logical_camera/msg/__init__.py, /home/arunava/ws_moveit/devel/lib/python2.7/dist-packages/gazebo_logical_camera/msg/__init__.py)
Linked: (/home/arunava/ws_moveit/devel/.private/gazebo_logical_camera/lib/python2.7/dist-packages/gazebo_logical_camera/msg/_Model.py, /home/arunava/ws_moveit/devel/lib/python2.7/dist-packages/gazebo_logical_camera/msg/_Model.py)
Linked: (/home/arunava/ws_moveit/devel/.private/gazebo_logical_camera/lib/python2.7/dist-packages/gazebo_logical_camera/msg/_LogicalCameraImage.py, /home/arunava/ws_moveit/devel/lib/python2.7/dist-packages/gazebo_logical_camera/msg/_LogicalCameraImage.py)
Linked: (/home/arunava/ws_moveit/devel/.private/gazebo_logical_camera/lib/pkgconfig/gazebo_logical_camera.pc, /home/arunava/ws_moveit/devel/lib/pkgconfig/gazebo_logical_camera.pc)
Linked: (/home/arunava/ws_moveit/devel/.private/gazebo_logical_camera/share/gazebo_logical_camera/cmake/gazebo_logical_camera-msg-paths.cmake, /home/arunava/ws_moveit/devel/share/gazebo_logical_camera/cmake/gazebo_logical_camera-msg-paths.cmake)
Linked: (/home/arunava/ws_moveit/devel/.private/gazebo_logical_camera/share/gazebo_logical_camera/cmake/gazebo_logical_cameraConfig-version.cmake, /home/arunava/ws_moveit/devel/share/gazebo_logical_camera/cmake/gazebo_logical_cameraConfig-version.cmake)
Linked: (/home/arunava/ws_moveit/devel/.private/gazebo_logical_camera/share/gazebo_logical_camera/cmake/gazebo_logical_cameraConfig.cmake, /home/arunava/ws_moveit/devel/share/gazebo_logical_camera/cmake/gazebo_logical_cameraConfig.cmake)
Linked: (/home/arunava/ws_moveit/devel/.private/gazebo_logical_camera/share/gazebo_logical_camera/cmake/gazebo_logical_camera-msg-extras.cmake, /home/arunava/ws_moveit/devel/share/gazebo_logical_camera/cmake/gazebo_logical_camera-msg-extras.cmake)
Linked: (/home/arunava/ws_moveit/devel/.private/gazebo_logical_camera/share/roseus/ros/gazebo_logical_camera/manifest.l, /home/arunava/ws_moveit/devel/share/roseus/ros/gazebo_logical_camera/manifest.l)
Linked: (/home/arunava/ws_moveit/devel/.private/gazebo_logical_camera/share/roseus/ros/gazebo_logical_camera/msg/LogicalCameraImage.l, /home/arunava/ws_moveit/devel/share/roseus/ros/gazebo_logical_camera/msg/LogicalCameraImage.l)
Linked: (/home/arunava/ws_moveit/devel/.private/gazebo_logical_camera/share/roseus/ros/gazebo_logical_camera/msg/Model.l, /home/arunava/ws_moveit/devel/share/roseus/ros/gazebo_logical_camera/msg/Model.l)
Linked: (/home/arunava/ws_moveit/devel/.private/gazebo_logical_camera/share/gennodejs/ros/gazebo_logical_camera/_index.js, /home/arunava/ws_moveit/devel/share/gennodejs/ros/gazebo_logical_camera/_index.js)
Linked: (/home/arunava/ws_moveit/devel/.private/gazebo_logical_camera/share/gennodejs/ros/gazebo_logical_camera/msg/_index.js, /home/arunava/ws_moveit/devel/share/gennodejs/ros/gazebo_logical_camera/msg/_index.js)
Linked: (/home/arunava/ws_moveit/devel/.private/gazebo_logical_camera/share/gennodejs/ros/gazebo_logical_camera/msg/Model.js, /home/arunava/ws_moveit/devel/share/gennodejs/ros/gazebo_logical_camera/msg/Model.js)
Linked: (/home/arunava/ws_moveit/devel/.private/gazebo_logical_camera/share/gennodejs/ros/gazebo_logical_camera/msg/LogicalCameraImage.js, /home/arunava/ws_moveit/devel/share/gennodejs/ros/gazebo_logical_camera/msg/LogicalCameraImage.js)
Linked: (/home/arunava/ws_moveit/devel/.private/gazebo_logical_camera/share/common-lisp/ros/gazebo_logical_camera/msg/gazebo_logical_camera-msg.asd, /home/arunava/ws_moveit/devel/share/common-lisp/ros/gazebo_logical_camera/msg/gazebo_logical_camera-msg.asd)
Linked: (/home/arunava/ws_moveit/devel/.private/gazebo_logical_camera/share/common-lisp/ros/gazebo_logical_camera/msg/Model.lisp, /home/arunava/ws_moveit/devel/share/common-lisp/ros/gazebo_logical_camera/msg/Model.lisp)
Linked: (/home/arunava/ws_moveit/devel/.private/gazebo_logical_camera/share/common-lisp/ros/gazebo_logical_camera/msg/_package_Model.lisp, /home/arunava/ws_moveit/devel/share/common-lisp/ros/gazebo_logical_camera/msg/_package_Model.lisp)
Linked: (/home/arunava/ws_moveit/devel/.private/gazebo_logical_camera/share/common-lisp/ros/gazebo_logical_camera/msg/_package.lisp, /home/arunava/ws_moveit/devel/share/common-lisp/ros/gazebo_logical_camera/msg/_package.lisp)
Linked: (/home/arunava/ws_moveit/devel/.private/gazebo_logical_camera/share/common-lisp/ros/gazebo_logical_camera/msg/LogicalCameraImage.lisp, /home/arunava/ws_moveit/devel/share/common-lisp/ros/gazebo_logical_camera/msg/LogicalCameraImage.lisp)
Linked: (/home/arunava/ws_moveit/devel/.private/gazebo_logical_camera/share/common-lisp/ros/gazebo_logical_camera/msg/_package_LogicalCameraImage.lisp, /home/arunava/ws_moveit/devel/share/common-lisp/ros/gazebo_logical_camera/msg/_package_LogicalCameraImage.lisp)
Linked: (/home/arunava/ws_moveit/devel/.private/gazebo_logical_camera/include/gazebo_logical_camera/Model.h, /home/arunava/ws_moveit/devel/include/gazebo_logical_camera/Model.h)
Linked: (/home/arunava/ws_moveit/devel/.private/gazebo_logical_camera/include/gazebo_logical_camera/LogicalCameraImage.h, /home/arunava/ws_moveit/devel/include/gazebo_logical_camera/LogicalCameraImage.h)
