Determining if the pthread_create exist failed with the following output:
Change Dir: /home/arunava/ws_moveit/build/gazebo_ros_link_attacher/CMakeFiles/CMakeTmp

Run Build Command:"/usr/bin/make" "cmTC_0df8d/fast"
/usr/bin/make -f CMakeFiles/cmTC_0df8d.dir/build.make CMakeFiles/cmTC_0df8d.dir/build
make[1]: Entering directory '/home/arunava/ws_moveit/build/gazebo_ros_link_attacher/CMakeFiles/CMakeTmp'
Building C object CMakeFiles/cmTC_0df8d.dir/CheckSymbolExists.c.o
/usr/bin/cc    -o CMakeFiles/cmTC_0df8d.dir/CheckSymbolExists.c.o   -c /home/arunava/ws_moveit/build/gazebo_ros_link_attacher/CMakeFiles/CMakeTmp/CheckSymbolExists.c
Linking C executable cmTC_0df8d
/usr/bin/cmake -E cmake_link_script CMakeFiles/cmTC_0df8d.dir/link.txt --verbose=1
/usr/bin/cc      -rdynamic CMakeFiles/cmTC_0df8d.dir/CheckSymbolExists.c.o  -o cmTC_0df8d 
CMakeFiles/cmTC_0df8d.dir/CheckSymbolExists.c.o: In function `main':
CheckSymbolExists.c:(.text+0x1b): undefined reference to `pthread_create'
collect2: error: ld returned 1 exit status
CMakeFiles/cmTC_0df8d.dir/build.make:97: recipe for target 'cmTC_0df8d' failed
make[1]: *** [cmTC_0df8d] Error 1
make[1]: Leaving directory '/home/arunava/ws_moveit/build/gazebo_ros_link_attacher/CMakeFiles/CMakeTmp'
Makefile:126: recipe for target 'cmTC_0df8d/fast' failed
make: *** [cmTC_0df8d/fast] Error 2

File /home/arunava/ws_moveit/build/gazebo_ros_link_attacher/CMakeFiles/CMakeTmp/CheckSymbolExists.c:
/* */
#include <pthread.h>

int main(int argc, char** argv)
{
  (void)argv;
#ifndef pthread_create
  return ((int*)(&pthread_create))[argc];
#else
  (void)argc;
  return 0;
#endif
}

Determining if the function pthread_create exists in the pthreads failed with the following output:
Change Dir: /home/arunava/ws_moveit/build/gazebo_ros_link_attacher/CMakeFiles/CMakeTmp

Run Build Command:"/usr/bin/make" "cmTC_7e8cd/fast"
/usr/bin/make -f CMakeFiles/cmTC_7e8cd.dir/build.make CMakeFiles/cmTC_7e8cd.dir/build
make[1]: Entering directory '/home/arunava/ws_moveit/build/gazebo_ros_link_attacher/CMakeFiles/CMakeTmp'
Building C object CMakeFiles/cmTC_7e8cd.dir/CheckFunctionExists.c.o
/usr/bin/cc   -DCHECK_FUNCTION_EXISTS=pthread_create   -o CMakeFiles/cmTC_7e8cd.dir/CheckFunctionExists.c.o   -c /usr/share/cmake-3.10/Modules/CheckFunctionExists.c
Linking C executable cmTC_7e8cd
/usr/bin/cmake -E cmake_link_script CMakeFiles/cmTC_7e8cd.dir/link.txt --verbose=1
/usr/bin/cc  -DCHECK_FUNCTION_EXISTS=pthread_create    -rdynamic CMakeFiles/cmTC_7e8cd.dir/CheckFunctionExists.c.o  -o cmTC_7e8cd -lpthreads 
/usr/bin/ld: cannot find -lpthreads
collect2: error: ld returned 1 exit status
CMakeFiles/cmTC_7e8cd.dir/build.make:97: recipe for target 'cmTC_7e8cd' failed
make[1]: *** [cmTC_7e8cd] Error 1
make[1]: Leaving directory '/home/arunava/ws_moveit/build/gazebo_ros_link_attacher/CMakeFiles/CMakeTmp'
Makefile:126: recipe for target 'cmTC_7e8cd/fast' failed
make: *** [cmTC_7e8cd/fast] Error 2


