Determining if the pthread_create exist failed with the following output:
Change Dir: /home/arunava/ws_moveit/build/ur5_moveit_config/CMakeFiles/CMakeTmp

Run Build Command:"/usr/bin/make" "cmTC_59b59/fast"
/usr/bin/make -f CMakeFiles/cmTC_59b59.dir/build.make CMakeFiles/cmTC_59b59.dir/build
make[1]: Entering directory '/home/arunava/ws_moveit/build/ur5_moveit_config/CMakeFiles/CMakeTmp'
Building C object CMakeFiles/cmTC_59b59.dir/CheckSymbolExists.c.o
/usr/bin/cc    -o CMakeFiles/cmTC_59b59.dir/CheckSymbolExists.c.o   -c /home/arunava/ws_moveit/build/ur5_moveit_config/CMakeFiles/CMakeTmp/CheckSymbolExists.c
Linking C executable cmTC_59b59
/usr/bin/cmake -E cmake_link_script CMakeFiles/cmTC_59b59.dir/link.txt --verbose=1
/usr/bin/cc      -rdynamic CMakeFiles/cmTC_59b59.dir/CheckSymbolExists.c.o  -o cmTC_59b59 
CMakeFiles/cmTC_59b59.dir/CheckSymbolExists.c.o: In function `main':
CheckSymbolExists.c:(.text+0x1b): undefined reference to `pthread_create'
collect2: error: ld returned 1 exit status
CMakeFiles/cmTC_59b59.dir/build.make:97: recipe for target 'cmTC_59b59' failed
make[1]: *** [cmTC_59b59] Error 1
make[1]: Leaving directory '/home/arunava/ws_moveit/build/ur5_moveit_config/CMakeFiles/CMakeTmp'
Makefile:126: recipe for target 'cmTC_59b59/fast' failed
make: *** [cmTC_59b59/fast] Error 2

File /home/arunava/ws_moveit/build/ur5_moveit_config/CMakeFiles/CMakeTmp/CheckSymbolExists.c:
/* */
#include <pthread.h>

int main(int argc, char** argv)
{
  (void)argv;
#ifndef pthread_create
  return ((int*)(&pthread_create))[argc];
#else
  (void)argc;
  return 0;
#endif
}

Determining if the function pthread_create exists in the pthreads failed with the following output:
Change Dir: /home/arunava/ws_moveit/build/ur5_moveit_config/CMakeFiles/CMakeTmp

Run Build Command:"/usr/bin/make" "cmTC_cffda/fast"
/usr/bin/make -f CMakeFiles/cmTC_cffda.dir/build.make CMakeFiles/cmTC_cffda.dir/build
make[1]: Entering directory '/home/arunava/ws_moveit/build/ur5_moveit_config/CMakeFiles/CMakeTmp'
Building C object CMakeFiles/cmTC_cffda.dir/CheckFunctionExists.c.o
/usr/bin/cc   -DCHECK_FUNCTION_EXISTS=pthread_create   -o CMakeFiles/cmTC_cffda.dir/CheckFunctionExists.c.o   -c /usr/share/cmake-3.10/Modules/CheckFunctionExists.c
Linking C executable cmTC_cffda
/usr/bin/cmake -E cmake_link_script CMakeFiles/cmTC_cffda.dir/link.txt --verbose=1
/usr/bin/cc  -DCHECK_FUNCTION_EXISTS=pthread_create    -rdynamic CMakeFiles/cmTC_cffda.dir/CheckFunctionExists.c.o  -o cmTC_cffda -lpthreads 
/usr/bin/ld: cannot find -lpthreads
collect2: error: ld returned 1 exit status
CMakeFiles/cmTC_cffda.dir/build.make:97: recipe for target 'cmTC_cffda' failed
make[1]: *** [cmTC_cffda] Error 1
make[1]: Leaving directory '/home/arunava/ws_moveit/build/ur5_moveit_config/CMakeFiles/CMakeTmp'
Makefile:126: recipe for target 'cmTC_cffda/fast' failed
make: *** [cmTC_cffda/fast] Error 2


