Warning: Cannot symlink from /home/arunava/ws_moveit/devel/.private/hrwros_gazebo/lib/libROSLogicalCameraPlugin.so to existing file /home/arunava/ws_moveit/devel/lib/libROSLogicalCameraPlugin.so
Warning: Source hash: e892d09d4df48ea9884c9824d3f83a36
Warning: Dest hash: 3514d8d4765e601cfdbecba3c5f56add
Linked: (/home/arunava/ws_moveit/devel/.private/hrwros_gazebo/lib/libROSProximityRayPlugin.so, /home/arunava/ws_moveit/devel/lib/libROSProximityRayPlugin.so)
Linked: (/home/arunava/ws_moveit/devel/.private/hrwros_gazebo/lib/libSideContactPlugin.so, /home/arunava/ws_moveit/devel/lib/libSideContactPlugin.so)
Linked: (/home/arunava/ws_moveit/devel/.private/hrwros_gazebo/lib/libconveyor_spawner.so, /home/arunava/ws_moveit/devel/lib/libconveyor_spawner.so)
Linked: (/home/arunava/ws_moveit/devel/.private/hrwros_gazebo/lib/liburdf_creator.so, /home/arunava/ws_moveit/devel/lib/liburdf_creator.so)
Linked: (/home/arunava/ws_moveit/devel/.private/hrwros_gazebo/lib/libVacuumGripperPlugin.so, /home/arunava/ws_moveit/devel/lib/libVacuumGripperPlugin.so)
Linked: (/home/arunava/ws_moveit/devel/.private/hrwros_gazebo/lib/libROSVacuumGripperPlugin.so, /home/arunava/ws_moveit/devel/lib/libROSVacuumGripperPlugin.so)
Linked: (/home/arunava/ws_moveit/devel/.private/hrwros_gazebo/lib/libProximityRayPlugin.so, /home/arunava/ws_moveit/devel/lib/libProximityRayPlugin.so)
Linked: (/home/arunava/ws_moveit/devel/.private/hrwros_gazebo/lib/libObjectDisposalPlugin.so, /home/arunava/ws_moveit/devel/lib/libObjectDisposalPlugin.so)
Linked: (/home/arunava/ws_moveit/devel/.private/hrwros_gazebo/lib/hrwros_gazebo/conveyor_spawner_node, /home/arunava/ws_moveit/devel/lib/hrwros_gazebo/conveyor_spawner_node)
Linked: (/home/arunava/ws_moveit/devel/.private/hrwros_gazebo/lib/hrwros_gazebo/urdf_creator_test_node, /home/arunava/ws_moveit/devel/lib/hrwros_gazebo/urdf_creator_test_node)
Linked: (/home/arunava/ws_moveit/devel/.private/hrwros_gazebo/lib/python2.7/dist-packages/hrwros_gazebo/__init__.py, /home/arunava/ws_moveit/devel/lib/python2.7/dist-packages/hrwros_gazebo/__init__.py)
Linked: (/home/arunava/ws_moveit/devel/.private/hrwros_gazebo/lib/python2.7/dist-packages/hrwros_gazebo/msg/__init__.py, /home/arunava/ws_moveit/devel/lib/python2.7/dist-packages/hrwros_gazebo/msg/__init__.py)
Linked: (/home/arunava/ws_moveit/devel/.private/hrwros_gazebo/lib/python2.7/dist-packages/hrwros_gazebo/msg/_Model.py, /home/arunava/ws_moveit/devel/lib/python2.7/dist-packages/hrwros_gazebo/msg/_Model.py)
Linked: (/home/arunava/ws_moveit/devel/.private/hrwros_gazebo/lib/python2.7/dist-packages/hrwros_gazebo/msg/_Proximity.py, /home/arunava/ws_moveit/devel/lib/python2.7/dist-packages/hrwros_gazebo/msg/_Proximity.py)
Linked: (/home/arunava/ws_moveit/devel/.private/hrwros_gazebo/lib/python2.7/dist-packages/hrwros_gazebo/msg/_VacuumGripperState.py, /home/arunava/ws_moveit/devel/lib/python2.7/dist-packages/hrwros_gazebo/msg/_VacuumGripperState.py)
Linked: (/home/arunava/ws_moveit/devel/.private/hrwros_gazebo/lib/python2.7/dist-packages/hrwros_gazebo/msg/_ConveyorBeltState.py, /home/arunava/ws_moveit/devel/lib/python2.7/dist-packages/hrwros_gazebo/msg/_ConveyorBeltState.py)
Linked: (/home/arunava/ws_moveit/devel/.private/hrwros_gazebo/lib/python2.7/dist-packages/hrwros_gazebo/msg/_LogicalCameraImage.py, /home/arunava/ws_moveit/devel/lib/python2.7/dist-packages/hrwros_gazebo/msg/_LogicalCameraImage.py)
Linked: (/home/arunava/ws_moveit/devel/.private/hrwros_gazebo/lib/python2.7/dist-packages/hrwros_gazebo/srv/__init__.py, /home/arunava/ws_moveit/devel/lib/python2.7/dist-packages/hrwros_gazebo/srv/__init__.py)
Linked: (/home/arunava/ws_moveit/devel/.private/hrwros_gazebo/lib/python2.7/dist-packages/hrwros_gazebo/srv/_ConveyorBeltControl.py, /home/arunava/ws_moveit/devel/lib/python2.7/dist-packages/hrwros_gazebo/srv/_ConveyorBeltControl.py)
Linked: (/home/arunava/ws_moveit/devel/.private/hrwros_gazebo/lib/python2.7/dist-packages/hrwros_gazebo/srv/_VacuumGripperControl.py, /home/arunava/ws_moveit/devel/lib/python2.7/dist-packages/hrwros_gazebo/srv/_VacuumGripperControl.py)
Linked: (/home/arunava/ws_moveit/devel/.private/hrwros_gazebo/lib/pkgconfig/hrwros_gazebo.pc, /home/arunava/ws_moveit/devel/lib/pkgconfig/hrwros_gazebo.pc)
Linked: (/home/arunava/ws_moveit/devel/.private/hrwros_gazebo/share/hrwros_gazebo/cmake/hrwros_gazebo-msg-extras.cmake, /home/arunava/ws_moveit/devel/share/hrwros_gazebo/cmake/hrwros_gazebo-msg-extras.cmake)
Linked: (/home/arunava/ws_moveit/devel/.private/hrwros_gazebo/share/hrwros_gazebo/cmake/hrwros_gazeboConfig-version.cmake, /home/arunava/ws_moveit/devel/share/hrwros_gazebo/cmake/hrwros_gazeboConfig-version.cmake)
Linked: (/home/arunava/ws_moveit/devel/.private/hrwros_gazebo/share/hrwros_gazebo/cmake/hrwros_gazeboConfig.cmake, /home/arunava/ws_moveit/devel/share/hrwros_gazebo/cmake/hrwros_gazeboConfig.cmake)
Linked: (/home/arunava/ws_moveit/devel/.private/hrwros_gazebo/share/hrwros_gazebo/cmake/hrwros_gazebo-msg-paths.cmake, /home/arunava/ws_moveit/devel/share/hrwros_gazebo/cmake/hrwros_gazebo-msg-paths.cmake)
Linked: (/home/arunava/ws_moveit/devel/.private/hrwros_gazebo/share/roseus/ros/hrwros_gazebo/manifest.l, /home/arunava/ws_moveit/devel/share/roseus/ros/hrwros_gazebo/manifest.l)
Linked: (/home/arunava/ws_moveit/devel/.private/hrwros_gazebo/share/roseus/ros/hrwros_gazebo/msg/ConveyorBeltState.l, /home/arunava/ws_moveit/devel/share/roseus/ros/hrwros_gazebo/msg/ConveyorBeltState.l)
Linked: (/home/arunava/ws_moveit/devel/.private/hrwros_gazebo/share/roseus/ros/hrwros_gazebo/msg/VacuumGripperState.l, /home/arunava/ws_moveit/devel/share/roseus/ros/hrwros_gazebo/msg/VacuumGripperState.l)
Linked: (/home/arunava/ws_moveit/devel/.private/hrwros_gazebo/share/roseus/ros/hrwros_gazebo/msg/LogicalCameraImage.l, /home/arunava/ws_moveit/devel/share/roseus/ros/hrwros_gazebo/msg/LogicalCameraImage.l)
Linked: (/home/arunava/ws_moveit/devel/.private/hrwros_gazebo/share/roseus/ros/hrwros_gazebo/msg/Model.l, /home/arunava/ws_moveit/devel/share/roseus/ros/hrwros_gazebo/msg/Model.l)
Linked: (/home/arunava/ws_moveit/devel/.private/hrwros_gazebo/share/roseus/ros/hrwros_gazebo/msg/Proximity.l, /home/arunava/ws_moveit/devel/share/roseus/ros/hrwros_gazebo/msg/Proximity.l)
Linked: (/home/arunava/ws_moveit/devel/.private/hrwros_gazebo/share/roseus/ros/hrwros_gazebo/srv/ConveyorBeltControl.l, /home/arunava/ws_moveit/devel/share/roseus/ros/hrwros_gazebo/srv/ConveyorBeltControl.l)
Linked: (/home/arunava/ws_moveit/devel/.private/hrwros_gazebo/share/roseus/ros/hrwros_gazebo/srv/VacuumGripperControl.l, /home/arunava/ws_moveit/devel/share/roseus/ros/hrwros_gazebo/srv/VacuumGripperControl.l)
Linked: (/home/arunava/ws_moveit/devel/.private/hrwros_gazebo/share/gennodejs/ros/hrwros_gazebo/_index.js, /home/arunava/ws_moveit/devel/share/gennodejs/ros/hrwros_gazebo/_index.js)
Linked: (/home/arunava/ws_moveit/devel/.private/hrwros_gazebo/share/gennodejs/ros/hrwros_gazebo/msg/_index.js, /home/arunava/ws_moveit/devel/share/gennodejs/ros/hrwros_gazebo/msg/_index.js)
Linked: (/home/arunava/ws_moveit/devel/.private/hrwros_gazebo/share/gennodejs/ros/hrwros_gazebo/msg/VacuumGripperState.js, /home/arunava/ws_moveit/devel/share/gennodejs/ros/hrwros_gazebo/msg/VacuumGripperState.js)
Linked: (/home/arunava/ws_moveit/devel/.private/hrwros_gazebo/share/gennodejs/ros/hrwros_gazebo/msg/Proximity.js, /home/arunava/ws_moveit/devel/share/gennodejs/ros/hrwros_gazebo/msg/Proximity.js)
Linked: (/home/arunava/ws_moveit/devel/.private/hrwros_gazebo/share/gennodejs/ros/hrwros_gazebo/msg/Model.js, /home/arunava/ws_moveit/devel/share/gennodejs/ros/hrwros_gazebo/msg/Model.js)
Linked: (/home/arunava/ws_moveit/devel/.private/hrwros_gazebo/share/gennodejs/ros/hrwros_gazebo/msg/ConveyorBeltState.js, /home/arunava/ws_moveit/devel/share/gennodejs/ros/hrwros_gazebo/msg/ConveyorBeltState.js)
Linked: (/home/arunava/ws_moveit/devel/.private/hrwros_gazebo/share/gennodejs/ros/hrwros_gazebo/msg/LogicalCameraImage.js, /home/arunava/ws_moveit/devel/share/gennodejs/ros/hrwros_gazebo/msg/LogicalCameraImage.js)
Linked: (/home/arunava/ws_moveit/devel/.private/hrwros_gazebo/share/gennodejs/ros/hrwros_gazebo/srv/_index.js, /home/arunava/ws_moveit/devel/share/gennodejs/ros/hrwros_gazebo/srv/_index.js)
Linked: (/home/arunava/ws_moveit/devel/.private/hrwros_gazebo/share/gennodejs/ros/hrwros_gazebo/srv/VacuumGripperControl.js, /home/arunava/ws_moveit/devel/share/gennodejs/ros/hrwros_gazebo/srv/VacuumGripperControl.js)
Linked: (/home/arunava/ws_moveit/devel/.private/hrwros_gazebo/share/gennodejs/ros/hrwros_gazebo/srv/ConveyorBeltControl.js, /home/arunava/ws_moveit/devel/share/gennodejs/ros/hrwros_gazebo/srv/ConveyorBeltControl.js)
Linked: (/home/arunava/ws_moveit/devel/.private/hrwros_gazebo/share/common-lisp/ros/hrwros_gazebo/msg/VacuumGripperState.lisp, /home/arunava/ws_moveit/devel/share/common-lisp/ros/hrwros_gazebo/msg/VacuumGripperState.lisp)
Linked: (/home/arunava/ws_moveit/devel/.private/hrwros_gazebo/share/common-lisp/ros/hrwros_gazebo/msg/_package_ConveyorBeltState.lisp, /home/arunava/ws_moveit/devel/share/common-lisp/ros/hrwros_gazebo/msg/_package_ConveyorBeltState.lisp)
Linked: (/home/arunava/ws_moveit/devel/.private/hrwros_gazebo/share/common-lisp/ros/hrwros_gazebo/msg/ConveyorBeltState.lisp, /home/arunava/ws_moveit/devel/share/common-lisp/ros/hrwros_gazebo/msg/ConveyorBeltState.lisp)
Linked: (/home/arunava/ws_moveit/devel/.private/hrwros_gazebo/share/common-lisp/ros/hrwros_gazebo/msg/hrwros_gazebo-msg.asd, /home/arunava/ws_moveit/devel/share/common-lisp/ros/hrwros_gazebo/msg/hrwros_gazebo-msg.asd)
Linked: (/home/arunava/ws_moveit/devel/.private/hrwros_gazebo/share/common-lisp/ros/hrwros_gazebo/msg/Model.lisp, /home/arunava/ws_moveit/devel/share/common-lisp/ros/hrwros_gazebo/msg/Model.lisp)
Linked: (/home/arunava/ws_moveit/devel/.private/hrwros_gazebo/share/common-lisp/ros/hrwros_gazebo/msg/_package_VacuumGripperState.lisp, /home/arunava/ws_moveit/devel/share/common-lisp/ros/hrwros_gazebo/msg/_package_VacuumGripperState.lisp)
Linked: (/home/arunava/ws_moveit/devel/.private/hrwros_gazebo/share/common-lisp/ros/hrwros_gazebo/msg/_package_Model.lisp, /home/arunava/ws_moveit/devel/share/common-lisp/ros/hrwros_gazebo/msg/_package_Model.lisp)
Linked: (/home/arunava/ws_moveit/devel/.private/hrwros_gazebo/share/common-lisp/ros/hrwros_gazebo/msg/_package.lisp, /home/arunava/ws_moveit/devel/share/common-lisp/ros/hrwros_gazebo/msg/_package.lisp)
Linked: (/home/arunava/ws_moveit/devel/.private/hrwros_gazebo/share/common-lisp/ros/hrwros_gazebo/msg/Proximity.lisp, /home/arunava/ws_moveit/devel/share/common-lisp/ros/hrwros_gazebo/msg/Proximity.lisp)
Linked: (/home/arunava/ws_moveit/devel/.private/hrwros_gazebo/share/common-lisp/ros/hrwros_gazebo/msg/_package_Proximity.lisp, /home/arunava/ws_moveit/devel/share/common-lisp/ros/hrwros_gazebo/msg/_package_Proximity.lisp)
Linked: (/home/arunava/ws_moveit/devel/.private/hrwros_gazebo/share/common-lisp/ros/hrwros_gazebo/msg/LogicalCameraImage.lisp, /home/arunava/ws_moveit/devel/share/common-lisp/ros/hrwros_gazebo/msg/LogicalCameraImage.lisp)
Linked: (/home/arunava/ws_moveit/devel/.private/hrwros_gazebo/share/common-lisp/ros/hrwros_gazebo/msg/_package_LogicalCameraImage.lisp, /home/arunava/ws_moveit/devel/share/common-lisp/ros/hrwros_gazebo/msg/_package_LogicalCameraImage.lisp)
Linked: (/home/arunava/ws_moveit/devel/.private/hrwros_gazebo/share/common-lisp/ros/hrwros_gazebo/srv/hrwros_gazebo-srv.asd, /home/arunava/ws_moveit/devel/share/common-lisp/ros/hrwros_gazebo/srv/hrwros_gazebo-srv.asd)
Linked: (/home/arunava/ws_moveit/devel/.private/hrwros_gazebo/share/common-lisp/ros/hrwros_gazebo/srv/VacuumGripperControl.lisp, /home/arunava/ws_moveit/devel/share/common-lisp/ros/hrwros_gazebo/srv/VacuumGripperControl.lisp)
Linked: (/home/arunava/ws_moveit/devel/.private/hrwros_gazebo/share/common-lisp/ros/hrwros_gazebo/srv/_package_VacuumGripperControl.lisp, /home/arunava/ws_moveit/devel/share/common-lisp/ros/hrwros_gazebo/srv/_package_VacuumGripperControl.lisp)
Linked: (/home/arunava/ws_moveit/devel/.private/hrwros_gazebo/share/common-lisp/ros/hrwros_gazebo/srv/ConveyorBeltControl.lisp, /home/arunava/ws_moveit/devel/share/common-lisp/ros/hrwros_gazebo/srv/ConveyorBeltControl.lisp)
Linked: (/home/arunava/ws_moveit/devel/.private/hrwros_gazebo/share/common-lisp/ros/hrwros_gazebo/srv/_package.lisp, /home/arunava/ws_moveit/devel/share/common-lisp/ros/hrwros_gazebo/srv/_package.lisp)
Linked: (/home/arunava/ws_moveit/devel/.private/hrwros_gazebo/share/common-lisp/ros/hrwros_gazebo/srv/_package_ConveyorBeltControl.lisp, /home/arunava/ws_moveit/devel/share/common-lisp/ros/hrwros_gazebo/srv/_package_ConveyorBeltControl.lisp)
Linked: (/home/arunava/ws_moveit/devel/.private/hrwros_gazebo/include/hrwros_gazebo/ConveyorBeltControlResponse.h, /home/arunava/ws_moveit/devel/include/hrwros_gazebo/ConveyorBeltControlResponse.h)
Linked: (/home/arunava/ws_moveit/devel/.private/hrwros_gazebo/include/hrwros_gazebo/ConveyorBeltState.h, /home/arunava/ws_moveit/devel/include/hrwros_gazebo/ConveyorBeltState.h)
Linked: (/home/arunava/ws_moveit/devel/.private/hrwros_gazebo/include/hrwros_gazebo/ConveyorBeltControlRequest.h, /home/arunava/ws_moveit/devel/include/hrwros_gazebo/ConveyorBeltControlRequest.h)
Linked: (/home/arunava/ws_moveit/devel/.private/hrwros_gazebo/include/hrwros_gazebo/Model.h, /home/arunava/ws_moveit/devel/include/hrwros_gazebo/Model.h)
Linked: (/home/arunava/ws_moveit/devel/.private/hrwros_gazebo/include/hrwros_gazebo/LogicalCameraImage.h, /home/arunava/ws_moveit/devel/include/hrwros_gazebo/LogicalCameraImage.h)
Linked: (/home/arunava/ws_moveit/devel/.private/hrwros_gazebo/include/hrwros_gazebo/VacuumGripperControl.h, /home/arunava/ws_moveit/devel/include/hrwros_gazebo/VacuumGripperControl.h)
Linked: (/home/arunava/ws_moveit/devel/.private/hrwros_gazebo/include/hrwros_gazebo/VacuumGripperControlRequest.h, /home/arunava/ws_moveit/devel/include/hrwros_gazebo/VacuumGripperControlRequest.h)
Linked: (/home/arunava/ws_moveit/devel/.private/hrwros_gazebo/include/hrwros_gazebo/VacuumGripperControlResponse.h, /home/arunava/ws_moveit/devel/include/hrwros_gazebo/VacuumGripperControlResponse.h)
Linked: (/home/arunava/ws_moveit/devel/.private/hrwros_gazebo/include/hrwros_gazebo/ConveyorBeltControl.h, /home/arunava/ws_moveit/devel/include/hrwros_gazebo/ConveyorBeltControl.h)
Linked: (/home/arunava/ws_moveit/devel/.private/hrwros_gazebo/include/hrwros_gazebo/Proximity.h, /home/arunava/ws_moveit/devel/include/hrwros_gazebo/Proximity.h)
Linked: (/home/arunava/ws_moveit/devel/.private/hrwros_gazebo/include/hrwros_gazebo/VacuumGripperState.h, /home/arunava/ws_moveit/devel/include/hrwros_gazebo/VacuumGripperState.h)
