[  0%] Built target _hrwros_gazebo_generate_messages_check_deps_LogicalCameraImage
[  0%] Built target _hrwros_gazebo_generate_messages_check_deps_Model
[  0%] Built target _hrwros_gazebo_generate_messages_check_deps_VacuumGripperState
[  0%] Built target _hrwros_gazebo_generate_messages_check_deps_ConveyorBeltState
[  0%] Built target _hrwros_gazebo_generate_messages_check_deps_VacuumGripperControl
[  0%] Built target _hrwros_gazebo_generate_messages_check_deps_Proximity
[  0%] Built target _hrwros_gazebo_generate_messages_check_deps_ConveyorBeltControl
[  0%] Built target std_msgs_generate_messages_nodejs
[  0%] Built target geometry_msgs_generate_messages_nodejs
[  0%] Built target std_msgs_generate_messages_py
[  0%] Built target geometry_msgs_generate_messages_py
[  0%] Built target geometry_msgs_generate_messages_lisp
[  0%] Built target std_msgs_generate_messages_lisp
[  0%] Built target geometry_msgs_generate_messages_eus
[  0%] Built target std_msgs_generate_messages_eus
[  0%] Built target geometry_msgs_generate_messages_cpp
[  0%] Built target std_msgs_generate_messages_cpp
[  3%] Built target SideContactPlugin
[  6%] Built target ProximityRayPlugin
[ 10%] Built target urdf_creator
[ 13%] Built target conveyor_spawner
[ 16%] Built target VacuumGripperPlugin
[ 16%] Built target hrwros_gazebo_xacro_generated_to_devel_space_
[ 28%] Built target hrwros_gazebo_generate_messages_nodejs
[ 50%] Built target hrwros_gazebo_generate_messages_eus
[ 56%] Built target hrwros_gazebo_generate_messages_py
[ 68%] Built target hrwros_gazebo_generate_messages_lisp
[ 80%] Built target hrwros_gazebo_generate_messages_cpp
[ 86%] Built target conveyor_spawner_node
[ 86%] Built target urdf_creator_test_node
[ 90%] Built target ObjectDisposalPlugin
[ 93%] Built target ROSLogicalCameraPlugin
[ 96%] Built target ROSVacuumGripperPlugin
[ 96%] Built target hrwros_gazebo_generate_messages
[100%] Built target ROSProximityRayPlugin
