Determining if the pthread_create exist failed with the following output:
Change Dir: /home/arunava/ws_moveit/build/gazebo_plugins/CMakeFiles/CMakeTmp

Run Build Command:"/usr/bin/make" "cmTC_29435/fast"
/usr/bin/make -f CMakeFiles/cmTC_29435.dir/build.make CMakeFiles/cmTC_29435.dir/build
make[1]: Entering directory '/home/arunava/ws_moveit/build/gazebo_plugins/CMakeFiles/CMakeTmp'
Building C object CMakeFiles/cmTC_29435.dir/CheckSymbolExists.c.o
/usr/bin/cc    -o CMakeFiles/cmTC_29435.dir/CheckSymbolExists.c.o   -c /home/arunava/ws_moveit/build/gazebo_plugins/CMakeFiles/CMakeTmp/CheckSymbolExists.c
Linking C executable cmTC_29435
/usr/bin/cmake -E cmake_link_script CMakeFiles/cmTC_29435.dir/link.txt --verbose=1
/usr/bin/cc      -rdynamic CMakeFiles/cmTC_29435.dir/CheckSymbolExists.c.o  -o cmTC_29435 
CMakeFiles/cmTC_29435.dir/CheckSymbolExists.c.o: In function `main':
CheckSymbolExists.c:(.text+0x1b): undefined reference to `pthread_create'
collect2: error: ld returned 1 exit status
CMakeFiles/cmTC_29435.dir/build.make:97: recipe for target 'cmTC_29435' failed
make[1]: *** [cmTC_29435] Error 1
make[1]: Leaving directory '/home/arunava/ws_moveit/build/gazebo_plugins/CMakeFiles/CMakeTmp'
Makefile:126: recipe for target 'cmTC_29435/fast' failed
make: *** [cmTC_29435/fast] Error 2

File /home/arunava/ws_moveit/build/gazebo_plugins/CMakeFiles/CMakeTmp/CheckSymbolExists.c:
/* */
#include <pthread.h>

int main(int argc, char** argv)
{
  (void)argv;
#ifndef pthread_create
  return ((int*)(&pthread_create))[argc];
#else
  (void)argc;
  return 0;
#endif
}

Determining if the function pthread_create exists in the pthreads failed with the following output:
Change Dir: /home/arunava/ws_moveit/build/gazebo_plugins/CMakeFiles/CMakeTmp

Run Build Command:"/usr/bin/make" "cmTC_c2d26/fast"
/usr/bin/make -f CMakeFiles/cmTC_c2d26.dir/build.make CMakeFiles/cmTC_c2d26.dir/build
make[1]: Entering directory '/home/arunava/ws_moveit/build/gazebo_plugins/CMakeFiles/CMakeTmp'
Building C object CMakeFiles/cmTC_c2d26.dir/CheckFunctionExists.c.o
/usr/bin/cc   -DCHECK_FUNCTION_EXISTS=pthread_create   -o CMakeFiles/cmTC_c2d26.dir/CheckFunctionExists.c.o   -c /usr/share/cmake-3.10/Modules/CheckFunctionExists.c
Linking C executable cmTC_c2d26
/usr/bin/cmake -E cmake_link_script CMakeFiles/cmTC_c2d26.dir/link.txt --verbose=1
/usr/bin/cc  -DCHECK_FUNCTION_EXISTS=pthread_create    -rdynamic CMakeFiles/cmTC_c2d26.dir/CheckFunctionExists.c.o  -o cmTC_c2d26 -lpthreads 
/usr/bin/ld: cannot find -lpthreads
collect2: error: ld returned 1 exit status
CMakeFiles/cmTC_c2d26.dir/build.make:97: recipe for target 'cmTC_c2d26' failed
make[1]: *** [cmTC_c2d26] Error 1
make[1]: Leaving directory '/home/arunava/ws_moveit/build/gazebo_plugins/CMakeFiles/CMakeTmp'
Makefile:126: recipe for target 'cmTC_c2d26/fast' failed
make: *** [cmTC_c2d26/fast] Error 2


