Symlinking /home/arunava/ws_moveit/devel/lib/libROSConveyorBeltPlugin.so
Symlinking /home/arunava/ws_moveit/devel/lib/libConveyorBeltPlugin.so
Symlinking /home/arunava/ws_moveit/devel/lib/python2.7/dist-packages/gazebo_conveyor/__init__.py
Symlinking /home/arunava/ws_moveit/devel/lib/python2.7/dist-packages/gazebo_conveyor/msg/__init__.py
Symlinking /home/arunava/ws_moveit/devel/lib/python2.7/dist-packages/gazebo_conveyor/msg/_ConveyorBeltState.py
Symlinking /home/arunava/ws_moveit/devel/lib/python2.7/dist-packages/gazebo_conveyor/srv/__init__.py
Symlinking /home/arunava/ws_moveit/devel/lib/python2.7/dist-packages/gazebo_conveyor/srv/_ConveyorBeltControl.py
Symlinking /home/arunava/ws_moveit/devel/lib/pkgconfig/gazebo_conveyor.pc
Symlinking /home/arunava/ws_moveit/devel/share/gazebo_conveyor/cmake/gazebo_conveyor-msg-paths.cmake
Symlinking /home/arunava/ws_moveit/devel/share/gazebo_conveyor/cmake/gazebo_conveyorConfig.cmake
Symlinking /home/arunava/ws_moveit/devel/share/gazebo_conveyor/cmake/gazebo_conveyorConfig-version.cmake
Symlinking /home/arunava/ws_moveit/devel/share/gazebo_conveyor/cmake/gazebo_conveyor-msg-extras.cmake
Symlinking /home/arunava/ws_moveit/devel/share/roseus/ros/gazebo_conveyor/manifest.l
Symlinking /home/arunava/ws_moveit/devel/share/roseus/ros/gazebo_conveyor/msg/ConveyorBeltState.l
Symlinking /home/arunava/ws_moveit/devel/share/roseus/ros/gazebo_conveyor/srv/ConveyorBeltControl.l
Symlinking /home/arunava/ws_moveit/devel/share/gennodejs/ros/gazebo_conveyor/_index.js
Symlinking /home/arunava/ws_moveit/devel/share/gennodejs/ros/gazebo_conveyor/msg/_index.js
Symlinking /home/arunava/ws_moveit/devel/share/gennodejs/ros/gazebo_conveyor/msg/ConveyorBeltState.js
Symlinking /home/arunava/ws_moveit/devel/share/gennodejs/ros/gazebo_conveyor/srv/_index.js
Symlinking /home/arunava/ws_moveit/devel/share/gennodejs/ros/gazebo_conveyor/srv/ConveyorBeltControl.js
Symlinking /home/arunava/ws_moveit/devel/share/common-lisp/ros/gazebo_conveyor/msg/_package_ConveyorBeltState.lisp
Symlinking /home/arunava/ws_moveit/devel/share/common-lisp/ros/gazebo_conveyor/msg/ConveyorBeltState.lisp
Symlinking /home/arunava/ws_moveit/devel/share/common-lisp/ros/gazebo_conveyor/msg/gazebo_conveyor-msg.asd
Symlinking /home/arunava/ws_moveit/devel/share/common-lisp/ros/gazebo_conveyor/msg/_package.lisp
Symlinking /home/arunava/ws_moveit/devel/share/common-lisp/ros/gazebo_conveyor/srv/ConveyorBeltControl.lisp
Symlinking /home/arunava/ws_moveit/devel/share/common-lisp/ros/gazebo_conveyor/srv/_package.lisp
Symlinking /home/arunava/ws_moveit/devel/share/common-lisp/ros/gazebo_conveyor/srv/_package_ConveyorBeltControl.lisp
Symlinking /home/arunava/ws_moveit/devel/share/common-lisp/ros/gazebo_conveyor/srv/gazebo_conveyor-srv.asd
Symlinking /home/arunava/ws_moveit/devel/include/gazebo_conveyor/ConveyorBeltControlResponse.h
Symlinking /home/arunava/ws_moveit/devel/include/gazebo_conveyor/ConveyorBeltState.h
Symlinking /home/arunava/ws_moveit/devel/include/gazebo_conveyor/ConveyorBeltControlRequest.h
Symlinking /home/arunava/ws_moveit/devel/include/gazebo_conveyor/ConveyorBeltControl.h
