[  0%] Built target geometry_msgs_generate_messages_cpp
[  0%] Built target _gazebo_conveyor_generate_messages_check_deps_ConveyorBeltControl
[  0%] Built target _gazebo_conveyor_generate_messages_check_deps_ConveyorBeltState
[  0%] Built target std_msgs_generate_messages_cpp
[35m[1mScanning dependencies of target ConveyorBeltPlugin[0m
[  5%] [32mBuilding CXX object CMakeFiles/ConveyorBeltPlugin.dir/src/ConveyorBeltPlugin.cc.o[0m
[ 11%] [32m[1mLinking CXX shared library /home/arunava/ws_moveit/devel/.private/gazebo_conveyor/lib/libConveyorBeltPlugin.so[0m
[ 11%] Built target ConveyorBeltPlugin
[ 11%] Built target std_msgs_generate_messages_py
[ 11%] Built target geometry_msgs_generate_messages_py
[ 11%] Built target std_msgs_generate_messages_nodejs
[ 11%] Built target geometry_msgs_generate_messages_nodejs
[ 11%] Built target std_msgs_generate_messages_lisp
[ 11%] Built target geometry_msgs_generate_messages_lisp
[ 11%] Built target std_msgs_generate_messages_eus
[ 11%] Built target geometry_msgs_generate_messages_eus
[ 23%] Built target gazebo_conveyor_generate_messages_cpp
[ 47%] Built target gazebo_conveyor_generate_messages_py
[ 58%] Built target gazebo_conveyor_generate_messages_nodejs
[ 70%] Built target gazebo_conveyor_generate_messages_lisp
[ 88%] Built target gazebo_conveyor_generate_messages_eus
[35m[1mScanning dependencies of target ROSConveyorBeltPlugin[0m
[ 94%] [32mBuilding CXX object CMakeFiles/ROSConveyorBeltPlugin.dir/src/ROSConveyorBeltPlugin.cc.o[0m
[100%] [32m[1mLinking CXX shared library /home/arunava/ws_moveit/devel/.private/gazebo_conveyor/lib/libROSConveyorBeltPlugin.so[0m
[100%] Built target ROSConveyorBeltPlugin
[100%] Built target gazebo_conveyor_generate_messages
