Determining if the pthread_create exist failed with the following output:
Change Dir: /home/arunava/ws_moveit/build/pkg_task3/CMakeFiles/CMakeTmp

Run Build Command:"/usr/bin/make" "cmTC_c1c3a/fast"
/usr/bin/make -f CMakeFiles/cmTC_c1c3a.dir/build.make CMakeFiles/cmTC_c1c3a.dir/build
make[1]: Entering directory '/home/arunava/ws_moveit/build/pkg_task3/CMakeFiles/CMakeTmp'
Building C object CMakeFiles/cmTC_c1c3a.dir/CheckSymbolExists.c.o
/usr/bin/cc    -o CMakeFiles/cmTC_c1c3a.dir/CheckSymbolExists.c.o   -c /home/arunava/ws_moveit/build/pkg_task3/CMakeFiles/CMakeTmp/CheckSymbolExists.c
Linking C executable cmTC_c1c3a
/usr/bin/cmake -E cmake_link_script CMakeFiles/cmTC_c1c3a.dir/link.txt --verbose=1
/usr/bin/cc      -rdynamic CMakeFiles/cmTC_c1c3a.dir/CheckSymbolExists.c.o  -o cmTC_c1c3a 
CMakeFiles/cmTC_c1c3a.dir/CheckSymbolExists.c.o: In function `main':
CheckSymbolExists.c:(.text+0x1b): undefined reference to `pthread_create'
collect2: error: ld returned 1 exit status
CMakeFiles/cmTC_c1c3a.dir/build.make:97: recipe for target 'cmTC_c1c3a' failed
make[1]: *** [cmTC_c1c3a] Error 1
make[1]: Leaving directory '/home/arunava/ws_moveit/build/pkg_task3/CMakeFiles/CMakeTmp'
Makefile:126: recipe for target 'cmTC_c1c3a/fast' failed
make: *** [cmTC_c1c3a/fast] Error 2

File /home/arunava/ws_moveit/build/pkg_task3/CMakeFiles/CMakeTmp/CheckSymbolExists.c:
/* */
#include <pthread.h>

int main(int argc, char** argv)
{
  (void)argv;
#ifndef pthread_create
  return ((int*)(&pthread_create))[argc];
#else
  (void)argc;
  return 0;
#endif
}

Determining if the function pthread_create exists in the pthreads failed with the following output:
Change Dir: /home/arunava/ws_moveit/build/pkg_task3/CMakeFiles/CMakeTmp

Run Build Command:"/usr/bin/make" "cmTC_26735/fast"
/usr/bin/make -f CMakeFiles/cmTC_26735.dir/build.make CMakeFiles/cmTC_26735.dir/build
make[1]: Entering directory '/home/arunava/ws_moveit/build/pkg_task3/CMakeFiles/CMakeTmp'
Building C object CMakeFiles/cmTC_26735.dir/CheckFunctionExists.c.o
/usr/bin/cc   -DCHECK_FUNCTION_EXISTS=pthread_create   -o CMakeFiles/cmTC_26735.dir/CheckFunctionExists.c.o   -c /usr/share/cmake-3.10/Modules/CheckFunctionExists.c
Linking C executable cmTC_26735
/usr/bin/cmake -E cmake_link_script CMakeFiles/cmTC_26735.dir/link.txt --verbose=1
/usr/bin/cc  -DCHECK_FUNCTION_EXISTS=pthread_create    -rdynamic CMakeFiles/cmTC_26735.dir/CheckFunctionExists.c.o  -o cmTC_26735 -lpthreads 
/usr/bin/ld: cannot find -lpthreads
collect2: error: ld returned 1 exit status
CMakeFiles/cmTC_26735.dir/build.make:97: recipe for target 'cmTC_26735' failed
make[1]: *** [cmTC_26735] Error 1
make[1]: Leaving directory '/home/arunava/ws_moveit/build/pkg_task3/CMakeFiles/CMakeTmp'
Makefile:126: recipe for target 'cmTC_26735/fast' failed
make: *** [cmTC_26735/fast] Error 2


